<?xml version="1.0" encoding="UTF-8"?>
<!-- Generated by org.testng.reporters.JUnitXMLReporter -->
<testsuite hostname="DESKTOP-D64SJFJ" ignored="0" name="Test" tests="6" failures="1" timestamp="15 апр 2019 09:00:52 GMT" time="62.936" errors="0">
  <testcase name="checkValueInTheTable" time="1.442" classname="test.java.tabulator.Test_Tabulator"/>
  <testcase name="checkNumberOfFilesAfterClckOnButton" time="3.33" classname="test.java.quickitcom.Test_Quickitcom"/>
  <testcase name="checkForecastLink" time="0.1" classname="test.java.codepenio.Test_Codepenio"/>
  <testcase name="checkContextCommercial" time="30.056" classname="test.java.indiegogo.Test_Indiegogo">
    <failure type="org.openqa.selenium.NoSuchElementException" message="Unable to locate element: //div[@ng-click=&amp;quot;nextImage($event)&amp;quot;]
For documentation on this error, please visit: https://www.seleniumhq.org/exceptions/no_such_element.html
Build info: version: &amp;apos;3.141.59&amp;apos;, revision: &amp;apos;e82be7d358&amp;apos;, time: &amp;apos;2018-11-14T08:17:03&amp;apos;
System info: host: &amp;apos;DESKTOP-D64SJFJ&amp;apos;, ip: &amp;apos;192.168.80.63&amp;apos;, os.name: &amp;apos;Windows 10&amp;apos;, os.arch: &amp;apos;amd64&amp;apos;, os.version: &amp;apos;10.0&amp;apos;, java.version: &amp;apos;1.8.0_201&amp;apos;
Driver info: org.openqa.selenium.remote.RemoteWebDriver
Capabilities {acceptInsecureCerts: true, browserName: firefox, browserVersion: 66.0.2, javascriptEnabled: true, moz:accessibilityChecks: false, moz:geckodriverVersion: 0.24.0, moz:headless: false, moz:processID: 6496, moz:profile: C:\Users\anduser\AppData\Lo..., moz:shutdownTimeout: 60000, moz:useNonSpecCompliantPointerOrigin: false, moz:webdriverClick: true, pageLoadStrategy: normal, platform: WINDOWS, platformName: WINDOWS, platformVersion: 10.0, rotatable: false, setWindowRect: true, strictFileInteractability: false, timeouts: {implicit: 0, pageLoad: 300000, script: 30000}, unhandledPromptBehavior: dismiss and notify, webdriver.remote.sessionid: d60de7bf-5b2c-4f37-a75d-dd3...}
Session ID: d60de7bf-5b2c-4f37-a75d-dd3b3380c3da
*** Element info: {Using=xpath, value=//div[@ng-click=&amp;quot;nextImage($event)&amp;quot;]}">
      <![CDATA[org.openqa.selenium.NoSuchElementException: Unable to locate element: //div[@ng-click="nextImage($event)"]
For documentation on this error, please visit: https://www.seleniumhq.org/exceptions/no_such_element.html
Build info: version: '3.141.59', revision: 'e82be7d358', time: '2018-11-14T08:17:03'
System info: host: 'DESKTOP-D64SJFJ', ip: '192.168.80.63', os.name: 'Windows 10', os.arch: 'amd64', os.version: '10.0', java.version: '1.8.0_201'
Driver info: org.openqa.selenium.remote.RemoteWebDriver
Capabilities {acceptInsecureCerts: true, browserName: firefox, browserVersion: 66.0.2, javascriptEnabled: true, moz:accessibilityChecks: false, moz:geckodriverVersion: 0.24.0, moz:headless: false, moz:processID: 6496, moz:profile: C:\Users\anduser\AppData\Lo..., moz:shutdownTimeout: 60000, moz:useNonSpecCompliantPointerOrigin: false, moz:webdriverClick: true, pageLoadStrategy: normal, platform: WINDOWS, platformName: WINDOWS, platformVersion: 10.0, rotatable: false, setWindowRect: true, strictFileInteractability: false, timeouts: {implicit: 0, pageLoad: 300000, script: 30000}, unhandledPromptBehavior: dismiss and notify, webdriver.remote.sessionid: d60de7bf-5b2c-4f37-a75d-dd3...}
Session ID: d60de7bf-5b2c-4f37-a75d-dd3b3380c3da
*** Element info: {Using=xpath, value=//div[@ng-click="nextImage($event)"]}
at org.openqa.selenium.remote.http.W3CHttpResponseCodec.createException(W3CHttpResponseCodec.java:187)
at org.openqa.selenium.remote.http.W3CHttpResponseCodec.decode(W3CHttpResponseCodec.java:122)
at org.openqa.selenium.remote.http.W3CHttpResponseCodec.decode(W3CHttpResponseCodec.java:49)
at org.openqa.selenium.remote.HttpCommandExecutor.execute(HttpCommandExecutor.java:158)
at org.openqa.selenium.remote.RemoteWebDriver.execute(RemoteWebDriver.java:552)
at org.openqa.selenium.remote.RemoteWebDriver.findElement(RemoteWebDriver.java:323)
at org.openqa.selenium.remote.RemoteWebDriver.findElementByXPath(RemoteWebDriver.java:428)
at org.openqa.selenium.By$ByXPath.findElement(By.java:353)
at org.openqa.selenium.remote.RemoteWebDriver.findElement(RemoteWebDriver.java:315)
at org.openqa.selenium.support.pagefactory.DefaultElementLocator.findElement(DefaultElementLocator.java:69)
at org.openqa.selenium.support.pagefactory.internal.LocatingElementHandler.invoke(LocatingElementHandler.java:38)
at com.sun.proxy.$Proxy7.click(Unknown Source)
at test.java.indiegogo.logic.MainPageLogic.checkCommercialContext(MainPageLogic.java:19)
at test.java.indiegogo.Test_Indiegogo.checkContextCommercial(Test_Indiegogo.java:32)
at java.util.concurrent.ThreadPoolExecutor.runWorker(ThreadPoolExecutor.java:1149)
at java.util.concurrent.ThreadPoolExecutor$Worker.run(ThreadPoolExecutor.java:624)
at java.lang.Thread.run(Thread.java:748)
... Removed 14 stack frames]]>
    </failure>
  </testcase> <!-- checkContextCommercial -->
  <testcase name="checkShowMoreButton" time="10.426" classname="test.java.indiegogo.Test_Indiegogo"/>
  <testcase name="checkTextOnTheNewsPage" time="7.608" classname="test.java.indiegogo.Test_Indiegogo"/>
</testsuite> <!-- Test -->
